MQTT Connected to broker.
Press enter to exit
Received 'topic':'m63XPVMQTT DReceived 'topic':'MQTT DeliverReceived 'toMQTT Delivery CompReceivMQTT Delivery Complete.
MQTT Delivery Complete.
MQTT Delivery Complete.
MQTT Delivery Complete.
MQTT Delivery Complete.
MQTT Delivery Complete.
MQTT Delivery Complete.
MQTT Delivery Complete.
MQTT Delivery Complete.
MQTT Delivery Complete.
MQTT Delivery Complete.
MQTT Delivery Complete.
MQTT Delivery Complete.
MQTT Delivery Complete.
MQTT Delivery Complete.
MQTT Delivery Complete.
MQTT Delivery Complete.
MQTT Delivery Complete.
MQTT Delivery Complete.
MQTT Client disconnected from broker.
3XPVy8Kn'
Received 'topic':'m63XPVy8Kn'
Received 'topic':'m63XPVy8Kn'
Received 'topic':'m63XPVy8Kn'
